# JRE version: OpenJDK Runtime Environment (11.0.15) (build 11.0.15+0-b2043.56-8887301)
# Java VM: OpenJDK 64-Bit Server VM (11.0.15+0-b2043.56-8887301, mixed mode, tiered, compressed oops, g1 gc, windows-amd64)
Heap:
 garbage-first heap   total 582656K, used 305421K [0x00000000a0000000, 0x0000000100000000)
  region size 1024K, 13 young (13312K), 13 survivors (13312K)
 Metaspace       used 128729K, capacity 131242K, committed 131532K, reserved 1165312K
  class space    used 14855K, capacity 15712K, committed 15820K, reserved 1048576K
GC Heap History (20 events):
Event: 2651.236 GC heap after
{Heap after GC invocations=97 (full 0):
 garbage-first heap   total 492544K, used 270385K [0x00000000a0000000, 0x0000000100000000)
  region size 1024K, 4 young (4096K), 4 survivors (4096K)
 Metaspace       used 127498K, capacity 129918K, committed 130508K, reserved 1163264K
  class space    used 14693K, capacity 15538K, committed 15820K, reserved 1048576K
}
Event: 2651.426 GC heap before
{Heap before GC invocations=97 (full 0):
 garbage-first heap   total 492544K, used 396337K [0x00000000a0000000, 0x0000000100000000)
  region size 1024K, 128 young (131072K), 4 survivors (4096K)
 Metaspace       used 127512K, capacity 129982K, committed 130508K, reserved 1163264K
  class space    used 14694K, capacity 15538K, committed 15820K, reserved 1048576K
}
Event: 2651.433 GC heap after
{Heap after GC invocations=98 (full 0):
 garbage-first heap   total 492544K, used 278090K [0x00000000a0000000, 0x0000000100000000)
  region size 1024K, 12 young (12288K), 12 survivors (12288K)
 Metaspace       used 127512K, capacity 129982K, committed 130508K, reserved 1163264K
  class space    used 14694K, capacity 15538K, committed 15820K, reserved 1048576K
}
Event: 2651.570 GC heap before
{Heap before GC invocations=98 (full 0):
 garbage-first heap   total 492544K, used 401994K [0x00000000a0000000, 0x0000000100000000)
  region size 1024K, 133 young (136192K), 12 survivors (12288K)
 Metaspace       used 127516K, capacity 129982K, committed 130508K, reserved 1163264K
  class space    used 14694K, capacity 15538K, committed 15820K, reserved 1048576K
}
Event: 2651.578 GC heap after
{Heap after GC invocations=99 (full 0):
 garbage-first heap   total 492544K, used 278025K [0x00000000a0000000, 0x0000000100000000)
  region size 1024K, 8 young (8192K), 8 survivors (8192K)
 Metaspace       used 127516K, capacity 129982K, committed 130508K, reserved 1163264K
  class space    used 14694K, capacity 15538K, committed 15820K, reserved 1048576K
}
Event: 2651.826 GC heap before
{Heap before GC invocations=99 (full 0):
 garbage-first heap   total 492544K, used 406025K [0x00000000a0000000, 0x0000000100000000)
  region size 1024K, 134 young (137216K), 8 survivors (8192K)
 Metaspace       used 127684K, capacity 130146K, committed 130764K, reserved 1165312K
  class space    used 14715K, capacity 15547K, committed 15820K, reserved 1048576K
}
Event: 2651.834 GC heap after
{Heap after GC invocations=100 (full 0):
 garbage-first heap   total 492544K, used 286762K [0x00000000a0000000, 0x0000000100000000)
  region size 1024K, 17 young (17408K), 17 survivors (17408K)
 Metaspace       used 127684K, capacity 130146K, committed 130764K, reserved 1165312K
  class space    used 14715K, capacity 15547K, committed 15820K, reserved 1048576K
}
Event: 2652.010 GC heap before
{Heap before GC invocations=100 (full 0):
 garbage-first heap   total 492544K, used 408618K [0x00000000a0000000, 0x0000000100000000)
  region size 1024K, 137 young (140288K), 17 survivors (17408K)
 Metaspace       used 128248K, capacity 130734K, committed 131020K, reserved 1165312K
  class space    used 14795K, capacity 15637K, committed 15820K, reserved 1048576K
}
Event: 2652.021 GC heap after
{Heap after GC invocations=101 (full 0):
 garbage-first heap   total 540672K, used 287892K [0x00000000a0000000, 0x0000000100000000)
  region size 1024K, 4 young (4096K), 4 survivors (4096K)
 Metaspace       used 128248K, capacity 130734K, committed 131020K, reserved 1165312K
  class space    used 14795K, capacity 15637K, committed 15820K, reserved 1048576K
}
Event: 2652.230 GC heap before
{Heap before GC invocations=101 (full 0):
 garbage-first heap   total 540672K, used 441492K [0x00000000a0000000, 0x0000000100000000)
  region size 1024K, 154 young (157696K), 4 survivors (4096K)
 Metaspace       used 128269K, capacity 130734K, committed 131020K, reserved 1165312K
  class space    used 14795K, capacity 15637K, committed 15820K, reserved 1048576K
}
Event: 2652.238 GC heap after
{Heap after GC invocations=102 (full 0):
 garbage-first heap   total 540672K, used 291004K [0x00000000a0000000, 0x0000000100000000)
  region size 1024K, 7 young (7168K), 7 survivors (7168K)
 Metaspace       used 128269K, capacity 130734K, committed 131020K, reserved 1165312K
  class space    used 14795K, capacity 15637K, committed 15820K, reserved 1048576K
}
Event: 2652.428 GC heap before
{Heap before GC invocations=102 (full 0):
 garbage-first heap   total 540672K, used 445628K [0x00000000a0000000, 0x0000000100000000)
  region size 1024K, 158 young (161792K), 7 survivors (7168K)
 Metaspace       used 128283K, capacity 130735K, committed 131020K, reserved 1165312K
  class space    used 14795K, capacity 15637K, committed 15820K, reserved 1048576K
}
Event: 2652.435 GC heap after
{Heap after GC invocations=103 (full 0):
 garbage-first heap   total 540672K, used 294234K [0x00000000a0000000, 0x0000000100000000)
  region size 1024K, 11 young (11264K), 11 survivors (11264K)
 Metaspace       used 128283K, capacity 130735K, committed 131020K, reserved 1165312K
  class space    used 14795K, capacity 15637K, committed 15820K, reserved 1048576K
}
Event: 2652.680 GC heap before
{Heap before GC invocations=103 (full 0):
 garbage-first heap   total 540672K, used 448858K [0x00000000a0000000, 0x0000000100000000)
  region size 1024K, 162 young (165888K), 11 survivors (11264K)
 Metaspace       used 128434K, capacity 130876K, committed 131276K, reserved 1165312K
  class space    used 14818K, capacity 15658K, committed 15820K, reserved 1048576K
}
Event: 2652.691 GC heap after
{Heap after GC invocations=104 (full 0):
 garbage-first heap   total 540672K, used 297148K [0x00000000a0000000, 0x0000000100000000)
  region size 1024K, 13 young (13312K), 13 survivors (13312K)
 Metaspace       used 128434K, capacity 130876K, committed 131276K, reserved 1165312K
  class space    used 14818K, capacity 15658K, committed 15820K, reserved 1048576K
}
Event: 2652.894 GC heap before
{Heap before GC invocations=104 (full 0):
 garbage-first heap   total 540672K, used 452796K [0x00000000a0000000, 0x0000000100000000)
  region size 1024K, 165 young (168960K), 13 survivors (13312K)
 Metaspace       used 128474K, capacity 130952K, committed 131276K, reserved 1165312K
  class space    used 14821K, capacity 15661K, committed 15820K, reserved 1048576K
}
Event: 2652.906 GC heap after
{Heap after GC invocations=105 (full 0):
 garbage-first heap   total 540672K, used 301041K [0x00000000a0000000, 0x0000000100000000)
  region size 1024K, 15 young (15360K), 15 survivors (15360K)
 Metaspace       used 128474K, capacity 130952K, committed 131276K, reserved 1165312K
  class space    used 14821K, capacity 15661K, committed 15820K, reserved 1048576K
}
Event: 2653.195 GC heap before
{Heap before GC invocations=105 (full 0):
 garbage-first heap   total 540672K, used 458737K [0x00000000a0000000, 0x0000000100000000)
  region size 1024K, 168 young (172032K), 15 survivors (15360K)
 Metaspace       used 128495K, capacity 130984K, committed 131276K, reserved 1165312K
  class space    used 14822K, capacity 15693K, committed 15820K, reserved 1048576K
}
Event: 2653.208 GC heap after
{Heap after GC invocations=106 (full 0):
 garbage-first heap   total 540672K, used 302968K [0x00000000a0000000, 0x0000000100000000)
  region size 1024K, 14 young (14336K), 14 survivors (14336K)
 Metaspace       used 128495K, capacity 130984K, committed 131276K, reserved 1165312K
  class space    used 14822K, capacity 15693K, committed 15820K, reserved 1048576K
}
Event: 2653.455 GC heap before
{Heap before GC invocations=106 (full 0):
 garbage-first heap   total 540672K, used 463736K [0x00000000a0000000, 0x0000000100000000)
  region size 1024K, 169 young (173056K), 14 survivors (14336K)
 Metaspace       used 128729K, capacity 131242K, committed 131532K, reserved 1165312K
  class space    used 14855K, capacity 15712K, committed 15820K, reserved 1048576K
}

