# JRE version: OpenJDK Runtime Environment (11.0.15) (build 11.0.15+0-b2043.56-8887301)
# Java VM: OpenJDK 64-Bit Server VM (11.0.15+0-b2043.56-8887301, mixed mode, tiered, compressed oops, g1 gc, windows-amd64)
Heap:
 garbage-first heap   total 488448K, used 215269K [0x00000000a0000000, 0x0000000100000000)
  region size 1024K, 4 young (4096K), 4 survivors (4096K)
 Metaspace       used 102590K, capacity 105193K, committed 106112K, reserved 1142784K
  class space    used 12441K, capacity 13253K, committed 13568K, reserved 1048576K
GC Heap History (20 events):
Event: 147.110 GC heap after
{Heap after GC invocations=34 (full 0):
 garbage-first heap   total 256000K, used 202745K [0x00000000a0000000, 0x0000000100000000)
  region size 1024K, 2 young (2048K), 2 survivors (2048K)
 Metaspace       used 102388K, capacity 105032K, committed 105856K, reserved 1142784K
  class space    used 12437K, capacity 13248K, committed 13568K, reserved 1048576K
}
Event: 147.126 GC heap before
{Heap before GC invocations=34 (full 0):
 garbage-first heap   total 256000K, used 215033K [0x00000000a0000000, 0x0000000100000000)
  region size 1024K, 14 young (14336K), 2 survivors (2048K)
 Metaspace       used 102391K, capacity 105034K, committed 105856K, reserved 1142784K
  class space    used 12437K, capacity 13248K, committed 13568K, reserved 1048576K
}
Event: 147.131 GC heap after
{Heap after GC invocations=35 (full 0):
 garbage-first heap   total 256000K, used 205472K [0x00000000a0000000, 0x0000000100000000)
  region size 1024K, 2 young (2048K), 2 survivors (2048K)
 Metaspace       used 102391K, capacity 105034K, committed 105856K, reserved 1142784K
  class space    used 12437K, capacity 13248K, committed 13568K, reserved 1048576K
}
Event: 147.211 GC heap before
{Heap before GC invocations=35 (full 0):
 garbage-first heap   total 256000K, used 222880K [0x00000000a0000000, 0x0000000100000000)
  region size 1024K, 14 young (14336K), 2 survivors (2048K)
 Metaspace       used 102398K, capacity 105035K, committed 105856K, reserved 1142784K
  class space    used 12437K, capacity 13248K, committed 13568K, reserved 1048576K
}
Event: 147.214 GC heap after
{Heap after GC invocations=36 (full 0):
 garbage-first heap   total 256000K, used 212127K [0x00000000a0000000, 0x0000000100000000)
  region size 1024K, 2 young (2048K), 2 survivors (2048K)
 Metaspace       used 102398K, capacity 105035K, committed 105856K, reserved 1142784K
  class space    used 12437K, capacity 13248K, committed 13568K, reserved 1048576K
}
Event: 147.428 GC heap before
{Heap before GC invocations=37 (full 0):
 garbage-first heap   total 256000K, used 221343K [0x00000000a0000000, 0x0000000100000000)
  region size 1024K, 12 young (12288K), 2 survivors (2048K)
 Metaspace       used 102499K, capacity 105110K, committed 105856K, reserved 1142784K
  class space    used 12437K, capacity 13248K, committed 13568K, reserved 1048576K
}
Event: 147.429 GC heap after
{Heap after GC invocations=38 (full 0):
 garbage-first heap   total 256000K, used 211204K [0x00000000a0000000, 0x0000000100000000)
  region size 1024K, 1 young (1024K), 1 survivors (1024K)
 Metaspace       used 102499K, capacity 105110K, committed 105856K, reserved 1142784K
  class space    used 12437K, capacity 13248K, committed 13568K, reserved 1048576K
}
Event: 147.558 GC heap before
{Heap before GC invocations=38 (full 0):
 garbage-first heap   total 256000K, used 233732K [0x00000000a0000000, 0x0000000100000000)
  region size 1024K, 12 young (12288K), 1 survivors (1024K)
 Metaspace       used 102537K, capacity 105128K, committed 105856K, reserved 1142784K
  class space    used 12441K, capacity 13253K, committed 13568K, reserved 1048576K
}
Event: 147.567 GC heap after
{Heap after GC invocations=39 (full 0):
 garbage-first heap   total 256000K, used 211432K [0x00000000a0000000, 0x0000000100000000)
  region size 1024K, 2 young (2048K), 2 survivors (2048K)
 Metaspace       used 102537K, capacity 105128K, committed 105856K, reserved 1142784K
  class space    used 12441K, capacity 13253K, committed 13568K, reserved 1048576K
}
Event: 147.588 GC heap before
{Heap before GC invocations=39 (full 0):
 garbage-first heap   total 256000K, used 222696K [0x00000000a0000000, 0x0000000100000000)
  region size 1024K, 13 young (13312K), 2 survivors (2048K)
 Metaspace       used 102541K, capacity 105192K, committed 106112K, reserved 1142784K
  class space    used 12441K, capacity 13253K, committed 13568K, reserved 1048576K
}
Event: 147.595 GC heap after
{Heap after GC invocations=40 (full 0):
 garbage-first heap   total 256000K, used 216202K [0x00000000a0000000, 0x0000000100000000)
  region size 1024K, 2 young (2048K), 2 survivors (2048K)
 Metaspace       used 102541K, capacity 105192K, committed 106112K, reserved 1142784K
  class space    used 12441K, capacity 13253K, committed 13568K, reserved 1048576K
}
Event: 147.615 GC heap before
{Heap before GC invocations=40 (full 0):
 garbage-first heap   total 256000K, used 226442K [0x00000000a0000000, 0x0000000100000000)
  region size 1024K, 12 young (12288K), 2 survivors (2048K)
 Metaspace       used 102541K, capacity 105192K, committed 106112K, reserved 1142784K
  class space    used 12441K, capacity 13253K, committed 13568K, reserved 1048576K
}
Event: 147.623 GC heap after
{Heap after GC invocations=41 (full 0):
 garbage-first heap   total 307200K, used 221741K [0x00000000a0000000, 0x0000000100000000)
  region size 1024K, 2 young (2048K), 2 survivors (2048K)
 Metaspace       used 102541K, capacity 105192K, committed 106112K, reserved 1142784K
  class space    used 12441K, capacity 13253K, committed 13568K, reserved 1048576K
}
Event: 147.787 GC heap before
{Heap before GC invocations=42 (full 0):
 garbage-first heap   total 307200K, used 209453K [0x00000000a0000000, 0x0000000100000000)
  region size 1024K, 24 young (24576K), 2 survivors (2048K)
 Metaspace       used 102573K, capacity 105193K, committed 106112K, reserved 1142784K
  class space    used 12441K, capacity 13253K, committed 13568K, reserved 1048576K
}
Event: 147.800 GC heap after
{Heap after GC invocations=43 (full 0):
 garbage-first heap   total 307200K, used 201043K [0x00000000a0000000, 0x0000000100000000)
  region size 1024K, 3 young (3072K), 3 survivors (3072K)
 Metaspace       used 102573K, capacity 105193K, committed 106112K, reserved 1142784K
  class space    used 12441K, capacity 13253K, committed 13568K, reserved 1048576K
}
Event: 147.850 GC heap before
{Heap before GC invocations=43 (full 0):
 garbage-first heap   total 307200K, used 212307K [0x00000000a0000000, 0x0000000100000000)
  region size 1024K, 15 young (15360K), 3 survivors (3072K)
 Metaspace       used 102574K, capacity 105193K, committed 106112K, reserved 1142784K
  class space    used 12441K, capacity 13253K, committed 13568K, reserved 1048576K
}
Event: 147.860 GC heap after
{Heap after GC invocations=44 (full 0):
 garbage-first heap   total 307200K, used 194246K [0x00000000a0000000, 0x0000000100000000)
  region size 1024K, 2 young (2048K), 2 survivors (2048K)
 Metaspace       used 102574K, capacity 105193K, committed 106112K, reserved 1142784K
  class space    used 12441K, capacity 13253K, committed 13568K, reserved 1048576K
}
Event: 148.224 GC heap before
{Heap before GC invocations=44 (full 0):
 garbage-first heap   total 307200K, used 230086K [0x00000000a0000000, 0x0000000100000000)
  region size 1024K, 32 young (32768K), 2 survivors (2048K)
 Metaspace       used 102590K, capacity 105193K, committed 106112K, reserved 1142784K
  class space    used 12441K, capacity 13253K, committed 13568K, reserved 1048576K
}
Event: 148.235 GC heap after
{Heap after GC invocations=45 (full 0):
 garbage-first heap   total 307200K, used 210176K [0x00000000a0000000, 0x0000000100000000)
  region size 1024K, 4 young (4096K), 4 survivors (4096K)
 Metaspace       used 102590K, capacity 105193K, committed 106112K, reserved 1142784K
  class space    used 12441K, capacity 13253K, committed 13568K, reserved 1048576K
}
Event: 148.288 GC heap before
{Heap before GC invocations=45 (full 0):
 garbage-first heap   total 307200K, used 238848K [0x00000000a0000000, 0x0000000100000000)
  region size 1024K, 31 young (31744K), 4 survivors (4096K)
 Metaspace       used 102590K, capacity 105193K, committed 106112K, reserved 1142784K
  class space    used 12441K, capacity 13253K, committed 13568K, reserved 1048576K
}

